<?xml version="1.0" encoding="utf-8"?><testsuites name="pytest tests"><testsuite name="pytest" errors="0" failures="2" skipped="0" tests="14" time="2.727" timestamp="2026-06-27T18:53:03.274154+00:00" hostname="agent-env-f11675e7-e600-44b7-baef-6410c32e2046"><testcase classname="backend.tests.test_admin.TestAdminAuth" name="test_admin_login_returns_is_admin_true" time="0.456" /><testcase classname="backend.tests.test_admin.TestAdminAuth" name="test_auth_me_returns_is_admin" time="0.423" /><testcase classname="backend.tests.test_admin.TestAdminAuth" name="test_non_admin_forbidden" time="0.450" /><testcase classname="backend.tests.test_admin.TestAdminAuth" name="test_unauthenticated_forbidden" time="0.094" /><testcase classname="backend.tests.test_admin.TestAdminDashboard" name="test_dashboard_returns_stats" time="0.097" /><testcase classname="backend.tests.test_admin.TestAdminOrders" name="test_list_orders" time="0.098"><failure message="AssertionError: Internal Server Error&#10;assert 500 == 200&#10; +  where 500 = &lt;Response [500]&gt;.status_code">E   AssertionError: Internal Server Error
    assert 500 == 200
     +  where 500 = &lt;Response [500]&gt;.status_code</failure></testcase><testcase classname="backend.tests.test_admin.TestAdminOrders" name="test_list_orders_filter_by_status" time="0.108" /><testcase classname="backend.tests.test_admin.TestAdminOrders" name="test_list_orders_pagination" time="0.098"><failure message="assert 500 == 200&#10; +  where 500 = &lt;Response [500]&gt;.status_code">E   assert 500 == 200
     +  where 500 = &lt;Response [500]&gt;.status_code</failure></testcase><testcase classname="backend.tests.test_admin.TestAdminCustomers" name="test_list_customers" time="0.101" /><testcase classname="backend.tests.test_admin.TestAdminCustomers" name="test_search_customers" time="0.098" /><testcase classname="backend.tests.test_admin.TestAdminInventory" name="test_list_inventory" time="0.092" /><testcase classname="backend.tests.test_admin.TestAdminCoupons" name="test_list_coupons" time="0.119" /><testcase classname="backend.tests.test_admin.TestAdminCoupons" name="test_create_and_delete_coupon" time="0.298" /><testcase classname="backend.tests.test_admin.TestProductContent" name="test_product_origins_are_south_african" time="0.109" /></testsuite></testsuites>