<?xml version="1.0" encoding="utf-8"?><testsuites name="pytest tests"><testsuite name="pytest" errors="0" failures="0" skipped="0" tests="7" time="6.595" timestamp="2026-06-29T13:52:47.473784+00:00" hostname="agent-env-f11675e7-e600-44b7-baef-6410c32e2046"><testcase classname="backend.tests.test_cart_bugfix.TestCartUpdateDelete" name="test_update_quantity_increase" time="1.606" /><testcase classname="backend.tests.test_cart_bugfix.TestCartUpdateDelete" name="test_update_quantity_decrease" time="0.782" /><testcase classname="backend.tests.test_cart_bugfix.TestCartUpdateDelete" name="test_update_quantity_to_zero_removes_item" time="0.851" /><testcase classname="backend.tests.test_cart_bugfix.TestCartUpdateDelete" name="test_delete_item" time="0.827" /><testcase classname="backend.tests.test_cart_bugfix.TestCartUpdateDelete" name="test_cart_total_updates" time="0.875" /><testcase classname="backend.tests.test_cart_bugfix.TestCoupon" name="test_apply_welcome10" time="0.752" /><testcase classname="backend.tests.test_cart_bugfix.TestCoupon" name="test_remove_coupon" time="0.844" /></testsuite></testsuites>