<?xml version="1.0" encoding="utf-8"?><testsuites name="pytest tests"><testsuite name="pytest" errors="0" failures="2" skipped="0" tests="12" time="2.177" timestamp="2026-06-27T15:39:57.736079+00:00" hostname="agent-env-f11675e7-e600-44b7-baef-6410c32e2046"><testcase classname="backend.tests.test_phase3_cart_checkout.TestHealth" name="test_products_list" time="0.168" /><testcase classname="backend.tests.test_phase3_cart_checkout.TestCart" name="test_get_cart_authenticated" time="0.447" /><testcase classname="backend.tests.test_phase3_cart_checkout.TestCart" name="test_cart_subtotal_calculation" time="0.101" /><testcase classname="backend.tests.test_phase3_cart_checkout.TestCoupon" name="test_apply_valid_coupon_welcome10" time="0.099"><failure message="AssertionError: Got 500: Internal Server Error&#10;assert 500 == 200&#10; +  where 500 = &lt;Response [500]&gt;.status_code">backend/tests/test_phase3_cart_checkout.py:64: in test_apply_valid_coupon_welcome10
    assert r.status_code == 200, f"Got {r.status_code}: {r.text}"
E   AssertionError: Got 500: Internal Server Error
E   assert 500 == 200
E    +  where 500 = &lt;Response [500]&gt;.status_code</failure></testcase><testcase classname="backend.tests.test_phase3_cart_checkout.TestCoupon" name="test_apply_invalid_coupon" time="0.114" /><testcase classname="backend.tests.test_phase3_cart_checkout.TestCoupon" name="test_remove_coupon" time="0.220" /><testcase classname="backend.tests.test_phase3_cart_checkout.TestCoupon" name="test_coupon_case_insensitive" time="0.139"><failure message="assert 500 == 200&#10; +  where 500 = &lt;Response [500]&gt;.status_code">backend/tests/test_phase3_cart_checkout.py:87: in test_coupon_case_insensitive
    assert r.status_code == 200
E   assert 500 == 200
E    +  where 500 = &lt;Response [500]&gt;.status_code</failure></testcase><testcase classname="backend.tests.test_phase3_cart_checkout.TestShipping" name="test_shipping_rates_above_threshold" time="0.108" /><testcase classname="backend.tests.test_phase3_cart_checkout.TestShipping" name="test_shipping_rates_below_threshold" time="0.138" /><testcase classname="backend.tests.test_phase3_cart_checkout.TestOrders" name="test_create_order_authenticated" time="0.144" /><testcase classname="backend.tests.test_phase3_cart_checkout.TestOrders" name="test_create_order_with_subscription" time="0.133" /><testcase classname="backend.tests.test_phase3_cart_checkout.TestPayFast" name="test_create_payment_requires_order" time="0.208" /></testsuite></testsuites>