<?xml version="1.0" encoding="utf-8"?><testsuites name="pytest tests"><testsuite name="pytest" errors="0" failures="1" skipped="0" tests="11" time="3.053" timestamp="2026-06-27T14:30:28.297363+00:00" hostname="agent-env-f11675e7-e600-44b7-baef-6410c32e2046"><testcase classname="backend.tests.test_checkout_payments.TestAuth" name="test_login_success" time="0.567" /><testcase classname="backend.tests.test_checkout_payments.TestCreateOrder" name="test_create_order_with_payfast" time="0.820" /><testcase classname="backend.tests.test_checkout_payments.TestCreateOrder" name="test_create_order_with_stitch" time="0.109" /><testcase classname="backend.tests.test_checkout_payments.TestCreateOrder" name="test_get_order_persisted" time="0.116" /><testcase classname="backend.tests.test_checkout_payments.TestPayfastCreatePayment" name="test_payfast_returns_form_fields" time="0.115" /><testcase classname="backend.tests.test_checkout_payments.TestPayfastCreatePayment" name="test_payfast_other_user_order_404" time="0.100" /><testcase classname="backend.tests.test_checkout_payments.TestStitchCreatePayment" name="test_stitch_returns_redirect_url" time="0.557"><failure message="AssertionError: stitch failed: 500 {&quot;detail&quot;:&quot;Failed to create Stitch payment&quot;}&#10;assert 500 == 200&#10; +  where 500 = &lt;Response [500]&gt;.status_code">backend/tests/test_checkout_payments.py:172: in test_stitch_returns_redirect_url
    assert r.status_code == 200, f"stitch failed: {r.status_code} {r.text}"
E   AssertionError: stitch failed: 500 {"detail":"Failed to create Stitch payment"}
E   assert 500 == 200
E    +  where 500 = &lt;Response [500]&gt;.status_code</failure></testcase><testcase classname="backend.tests.test_checkout_payments.TestStitchCreatePayment" name="test_stitch_order_not_found" time="0.101" /><testcase classname="backend.tests.test_checkout_payments.TestAuthGuards" name="test_orders_requires_auth" time="0.111" /><testcase classname="backend.tests.test_checkout_payments.TestAuthGuards" name="test_payfast_requires_auth" time="0.102" /><testcase classname="backend.tests.test_checkout_payments.TestAuthGuards" name="test_stitch_requires_auth" time="0.132" /></testsuite></testsuites>