<?xml version="1.0" encoding="utf-8"?><testsuites name="pytest tests"><testsuite name="pytest" errors="0" failures="2" skipped="0" tests="7" time="1.598" timestamp="2026-06-29T14:08:15.816276+00:00" hostname="agent-env-f11675e7-e600-44b7-baef-6410c32e2046"><testcase classname="backend.tests.test_seo_email.TestSEOPublic" name="test_sitemap_public_returns_xml" time="0.133"><failure message="AssertionError: Expected XML content-type, got text/html; charset=utf-8. Body starts with: '&lt;!doctype html&gt;\n&lt;html lang=&quot;en&quot;&gt;\n    &lt;head&gt;\n        &lt;meta charset=&quot;utf-8&quot; /&gt;\n        &lt;meta name=&quot;viewport&quot; content=&quot;widt'&#10;assert 'xml' in 'text/html; charset=utf-8'&#10; +  where 'text/html; charset=utf-8' = &lt;built-in method lower of str object at 0xffb5322c8710&gt;()&#10; +    where &lt;built-in method lower of str object at 0xffb5322c8710&gt; = 'text/html; charset=utf-8'.lower">E   AssertionError: Expected XML content-type, got text/html; charset=utf-8. Body starts with: '&lt;!doctype html&gt;\n&lt;html lang="en"&gt;\n    &lt;head&gt;\n        &lt;meta charset="utf-8" /&gt;\n        &lt;meta name="viewport" content="widt'
    assert 'xml' in 'text/html; charset=utf-8'
     +  where 'text/html; charset=utf-8' = &lt;built-in method lower of str object at 0xffb5322c8710&gt;()
     +    where &lt;built-in method lower of str object at 0xffb5322c8710&gt; = 'text/html; charset=utf-8'.lower</failure></testcase><testcase classname="backend.tests.test_seo_email.TestSEOPublic" name="test_robots_public_returns_backend_content" time="0.120"><failure message="AssertionError: Backend robots.txt not served via public URL. Body starts: '# As a condition of accessing this website, you agree to abide by the following\n# content signals:\n\n# (a)  If a Content-Signal = yes, you may collect content for the corresponding\n#      use.\n# (b)  I'&#10;assert 'Disallow: /admin/' in '# As a condition of accessing this website, you agree to abide by the following\n# content signals:\n\n# (a)  If a Content-Signal = yes, you may collect content for the corresponding\n#      use.\n# (b)  If a Content-Signal = no, you may not collect content for the\n#      corresponding use.\n# (c)  If the website operator does not include a Content-Signal for a\n#      corresponding use, the website operator neither grants nor restricts\n#      permission via Content-Signal with respect to the corresponding use.\n\n# The content signals and their meanings are:\n\n# search:   building a search index and providing search results (e.g., returning\n#           hyperlinks and short excerpts from your website\'s contents). Search does not\n#           include providing AI-generated search summaries.\n# ai-input: inputting content into one or more AI models (e.g., retrieval\n#           augmented generation, grounding, or other real-time taking of content for\n#           generative AI search answers).\n# ai-train: training or fine-tuning AI models.\n\n# ANY RESTRICTIONS EXPRESSED VIA CONTENT SIGNALS ARE EXPRESS RESERVATIONS OF\n# RIGHTS UNDER ARTICLE 4 OF THE EUROPEAN UNION DIRECTIVE...ing sessionRecordingStarted captureException loadToolbar get_property getSessionProperty Es $s createPersonProfile Is opt_in_capturing opt_out_capturing has_opted_in_capturing has_opted_out_capturing clear_opt_in_out_capturing Ss debug xs getPageViewId captureTraceFeedback captureTraceMetric&quot;.split(\n                                        &quot; &quot;,\n                                    ),\n                                n = 0;\n                            n &lt; o.length;\n                            n++\n                        )\n                            g(u, o[n]);\n                        e._i.push([i, s, a]);\n                    }),\n                    (e.__SV = 1));\n            })(document, window.posthog || []);\n            posthog.init(&quot;phc_xAvL2Iq4tFmANRE7kzbKwaSqp1HJjN7x48s3vr0CMjs&quot;, {\n                api_host: &quot;https://us.i.posthog.com&quot;,\n                person_profiles: &quot;identified_only&quot;, // or \'always\' to create profiles for anonymous users as well,\n                session_recording: {\n                    recordCrossOriginIframes: true,\n                    capturePerformance: false,\n                },\n            });\n        &lt;/script&gt;\n    &lt;/body&gt;\n&lt;/html&gt;\n'&#10; +  where '# As a condition of accessing this website, you agree to abide by the following\n# content signals:\n\n# (a)  If a Content-Signal = yes, you may collect content for the corresponding\n#      use.\n# (b)  If a Content-Signal = no, you may not collect content for the\n#      corresponding use.\n# (c)  If the website operator does not include a Content-Signal for a\n#      corresponding use, the website operator neither grants nor restricts\n#      permission via Content-Signal with respect to the corresponding use.\n\n# The content signals and their meanings are:\n\n# search:   building a search index and providing search results (e.g., returning\n#           hyperlinks and short excerpts from your website\'s contents). Search does not\n#           include providing AI-generated search summaries.\n# ai-input: inputting content into one or more AI models (e.g., retrieval\n#           augmented generation, grounding, or other real-time taking of content for\n#           generative AI search answers).\n# ai-train: training or fine-tuning AI models.\n\n# ANY RESTRICTIONS EXPRESSED VIA CONTENT SIGNALS ARE EXPRESS RESERVATIONS OF\n# RIGHTS UNDER ARTICLE 4 OF THE EUROPEAN UNION DIRECTIVE...ing sessionRecordingStarted captureException loadToolbar get_property getSessionProperty Es $s createPersonProfile Is opt_in_capturing opt_out_capturing has_opted_in_capturing has_opted_out_capturing clear_opt_in_out_capturing Ss debug xs getPageViewId captureTraceFeedback captureTraceMetric&quot;.split(\n                                        &quot; &quot;,\n                                    ),\n                                n = 0;\n                            n &lt; o.length;\n                            n++\n                        )\n                            g(u, o[n]);\n                        e._i.push([i, s, a]);\n                    }),\n                    (e.__SV = 1));\n            })(document, window.posthog || []);\n            posthog.init(&quot;phc_xAvL2Iq4tFmANRE7kzbKwaSqp1HJjN7x48s3vr0CMjs&quot;, {\n                api_host: &quot;https://us.i.posthog.com&quot;,\n                person_profiles: &quot;identified_only&quot;, // or \'always\' to create profiles for anonymous users as well,\n                session_recording: {\n                    recordCrossOriginIframes: true,\n                    capturePerformance: false,\n                },\n            });\n        &lt;/script&gt;\n    &lt;/body&gt;\n&lt;/html&gt;\n' = &lt;Response [200]&gt;.text">E   AssertionError: Backend robots.txt not served via public URL. Body starts: '# As a condition of accessing this website, you agree to abide by the following\n# content signals:\n\n# (a)  If a Content-Signal = yes, you may collect content for the corresponding\n#      use.\n# (b)  I'
    assert 'Disallow: /admin/' in '# As a condition of accessing this website, you agree to abide by the following\n# content signals:\n\n# (a)  If a Content-Signal = yes, you may collect content for the corresponding\n#      use.\n# (b)  If a Content-Signal = no, you may not collect content for the\n#      corresponding use.\n# (c)  If the website operator does not include a Content-Signal for a\n#      corresponding use, the website operator neither grants nor restricts\n#      permission via Content-Signal with respect to the corresponding use.\n\n# The content signals and their meanings are:\n\n# search:   building a search index and providing search results (e.g., returning\n#           hyperlinks and short excerpts from your website\'s contents). Search does not\n#           include providing AI-generated search summaries.\n# ai-input: inputting content into one or more AI models (e.g., retrieval\n#           augmented generation, grounding, or other real-time taking of content for\n#           generative AI search answers).\n# ai-train: training or fine-tuning AI models.\n\n# ANY RESTRICTIONS EXPRESSED VIA CONTENT SIGNALS ARE EXPRESS RESERVATIONS OF\n# RIGHTS UNDER ARTICLE 4 OF THE EUROPEAN UNION DIRECTIVE...ing sessionRecordingStarted captureException loadToolbar get_property getSessionProperty Es $s createPersonProfile Is opt_in_capturing opt_out_capturing has_opted_in_capturing has_opted_out_capturing clear_opt_in_out_capturing Ss debug xs getPageViewId captureTraceFeedback captureTraceMetric".split(\n                                        " ",\n                                    ),\n                                n = 0;\n                            n &lt; o.length;\n                            n++\n                        )\n                            g(u, o[n]);\n                        e._i.push([i, s, a]);\n                    }),\n                    (e.__SV = 1));\n            })(document, window.posthog || []);\n            posthog.init("phc_xAvL2Iq4tFmANRE7kzbKwaSqp1HJjN7x48s3vr0CMjs", {\n                api_host: "https://us.i.posthog.com",\n                person_profiles: "identified_only", // or \'always\' to create profiles for anonymous users as well,\n                session_recording: {\n                    recordCrossOriginIframes: true,\n                    capturePerformance: false,\n                },\n            });\n        &lt;/script&gt;\n    &lt;/body&gt;\n&lt;/html&gt;\n'
     +  where '# As a condition of accessing this website, you agree to abide by the following\n# content signals:\n\n# (a)  If a Content-Signal = yes, you may collect content for the corresponding\n#      use.\n# (b)  If a Content-Signal = no, you may not collect content for the\n#      corresponding use.\n# (c)  If the website operator does not include a Content-Signal for a\n#      corresponding use, the website operator neither grants nor restricts\n#      permission via Content-Signal with respect to the corresponding use.\n\n# The content signals and their meanings are:\n\n# search:   building a search index and providing search results (e.g., returning\n#           hyperlinks and short excerpts from your website\'s contents). Search does not\n#           include providing AI-generated search summaries.\n# ai-input: inputting content into one or more AI models (e.g., retrieval\n#           augmented generation, grounding, or other real-time taking of content for\n#           generative AI search answers).\n# ai-train: training or fine-tuning AI models.\n\n# ANY RESTRICTIONS EXPRESSED VIA CONTENT SIGNALS ARE EXPRESS RESERVATIONS OF\n# RIGHTS UNDER ARTICLE 4 OF THE EUROPEAN UNION DIRECTIVE...ing sessionRecordingStarted captureException loadToolbar get_property getSessionProperty Es $s createPersonProfile Is opt_in_capturing opt_out_capturing has_opted_in_capturing has_opted_out_capturing clear_opt_in_out_capturing Ss debug xs getPageViewId captureTraceFeedback captureTraceMetric".split(\n                                        " ",\n                                    ),\n                                n = 0;\n                            n &lt; o.length;\n                            n++\n                        )\n                            g(u, o[n]);\n                        e._i.push([i, s, a]);\n                    }),\n                    (e.__SV = 1));\n            })(document, window.posthog || []);\n            posthog.init("phc_xAvL2Iq4tFmANRE7kzbKwaSqp1HJjN7x48s3vr0CMjs", {\n                api_host: "https://us.i.posthog.com",\n                person_profiles: "identified_only", // or \'always\' to create profiles for anonymous users as well,\n                session_recording: {\n                    recordCrossOriginIframes: true,\n                    capturePerformance: false,\n                },\n            });\n        &lt;/script&gt;\n    &lt;/body&gt;\n&lt;/html&gt;\n' = &lt;Response [200]&gt;.text</failure></testcase><testcase classname="backend.tests.test_seo_email.TestSEOLocalBackend" name="test_sitemap_local" time="0.009" /><testcase classname="backend.tests.test_seo_email.TestSEOLocalBackend" name="test_robots_local" time="0.002" /><testcase classname="backend.tests.test_seo_email.TestCartRegression" name="test_clear_then_add" time="0.649" /><testcase classname="backend.tests.test_seo_email.TestCartRegression" name="test_update_quantity" time="0.312" /><testcase classname="backend.tests.test_seo_email.TestCartRegression" name="test_delete_item" time="0.314" /></testsuite></testsuites>