<?xml version="1.0" encoding="utf-8"?><testsuites name="pytest tests"><testsuite name="pytest" errors="0" failures="0" skipped="0" tests="3" time="1.500" timestamp="2026-06-29T14:08:08.383230+00:00" hostname="agent-env-f11675e7-e600-44b7-baef-6410c32e2046"><testcase classname="backend.tests.test_seo_email.TestCartRegression" name="test_clear_then_add" time="0.768" /><testcase classname="backend.tests.test_seo_email.TestCartRegression" name="test_update_quantity" time="0.326" /><testcase classname="backend.tests.test_seo_email.TestCartRegression" name="test_delete_item" time="0.337" /></testsuite></testsuites>